<?xml version="1.0" encoding="UTF-8"?>
<!-- Generated by org.testng.reporters.JUnitReportReporter -->
<testsuite hostname="Siddhatechs-MacBook-ProTejaswini.local" failures="0" tests="2" name="Runners.TestRunner" time="193.637" errors="0" timestamp="2025-01-12T19:12:59 IST" skipped="0">
  <testcase classname="Runners.TestRunner" name="runScenario" time="3.898"/>
  <testcase classname="Runners.TestRunner" name="runScenario" time="189.739"/>
</testsuite> <!-- Runners.TestRunner -->
