<?xml version="1.0" encoding="UTF-8"?>
<!-- Generated by org.testng.reporters.JUnitReportReporter -->
<testsuite hostname="Siddhatechs-MacBook-ProTejaswini.local" failures="0" tests="1" name="Automation.AddToCartTest" time="182.218" errors="0" timestamp="2025-01-12T10:03:41 IST" skipped="0">
  <testcase classname="Automation.AddToCartTest" name="verifyItemCanBeAddedToCart" time="182.218"/>
</testsuite> <!-- Automation.AddToCartTest -->
