<?xml version="1.0" encoding="UTF-8"?>
<!-- Generated by org.testng.reporters.JUnitReportReporter -->
<testsuite hostname="Siddhatechs-MacBook-ProTejaswini.local" failures="0" tests="1" name="Automation.CoinDeskAPITest" time="5.639" errors="0" timestamp="2025-01-12T10:03:41 IST" skipped="0">
  <testcase classname="Automation.CoinDeskAPITest" name="testBpiEndPoint" time="5.639"/>
</testsuite> <!-- Automation.CoinDeskAPITest -->
