<?xml version="1.0" encoding="UTF-8"?>
<!-- Generated by org.testng.reporters.JUnitReportReporter -->
<testsuite hostname="CA-ASHA" failures="0" tests="1" name="Automation.CoinDeskAPITest" time="3.287" errors="0" timestamp="2025-01-09T17:08:08 IST" skipped="0">
  <testcase classname="Automation.CoinDeskAPITest" name="testBpiEndPoint" time="3.287"/>
</testsuite> <!-- Automation.CoinDeskAPITest -->
