<?xml version="1.0" encoding="UTF-8"?>
<!-- Generated by org.testng.reporters.JUnitReportReporter -->
<testsuite hostname="CA-ASHA" failures="0" tests="1" name="Automation.AddToCartTest" time="14.894" errors="0" timestamp="2025-01-09T17:08:08 IST" skipped="0">
  <testcase classname="Automation.AddToCartTest" name="verifyItemCanBeAddedToCart" time="14.894"/>
</testsuite> <!-- Automation.AddToCartTest -->
